GAS LISTING /tmp/cc1JAJ1v.s 			page 1


   1               		.file	"usart.c"
   2               	__SP_H__ = 0x3e
   3               	__SP_L__ = 0x3d
   4               	__SREG__ = 0x3f
   5               	__RAMPZ__ = 0x3b
   6               	__tmp_reg__ = 0
   7               	__zero_reg__ = 1
   8               		.stabs	"/home/rando/oskar_electronics/oskar_body/fw/",100,0,2,.Ltext0
   9               		.stabs	"../../common/usart.c",100,0,2,.Ltext0
  10               		.text
  11               	.Ltext0:
  12               		.stabs	"gcc2_compiled.",60,0,0,0
  13               		.stabs	"int:t(0,1)=r(0,1);-32768;32767;",128,0,0,0
  14               		.stabs	"char:t(0,2)=@s8;r(0,2);0;255;",128,0,0,0
  15               		.stabs	"long int:t(0,3)=@s32;r(0,3);020000000000;017777777777;",128,0,0,0
  16               		.stabs	"unsigned int:t(0,4)=r(0,4);0;0177777;",128,0,0,0
  17               		.stabs	"long unsigned int:t(0,5)=@s32;r(0,5);0;037777777777;",128,0,0,0
  18               		.stabs	"__int128:t(0,6)=@s128;r(0,6);02000000000000000000000000000000000000000000;0177777777777777
  19               		.stabs	"__int128 unsigned:t(0,7)=@s128;r(0,7);0;03777777777777777777777777777777777777777777;",128
  20               		.stabs	"long long int:t(0,8)=@s64;r(0,8);01000000000000000000000;00777777777777777777777;",128,0,0
  21               		.stabs	"long long unsigned int:t(0,9)=@s64;r(0,9);0;01777777777777777777777;",128,0,0,0
  22               		.stabs	"short int:t(0,10)=r(0,10);-32768;32767;",128,0,0,0
  23               		.stabs	"short unsigned int:t(0,11)=r(0,11);0;0177777;",128,0,0,0
  24               		.stabs	"signed char:t(0,12)=@s8;r(0,12);-128;127;",128,0,0,0
  25               		.stabs	"unsigned char:t(0,13)=@s8;r(0,13);0;255;",128,0,0,0
  26               		.stabs	"float:t(0,14)=r(0,1);4;0;",128,0,0,0
  27               		.stabs	"double:t(0,15)=r(0,1);4;0;",128,0,0,0
  28               		.stabs	"long double:t(0,16)=r(0,1);4;0;",128,0,0,0
  29               		.stabs	"short _Fract:t(0,17)=r(0,1);1;0;",128,0,0,0
  30               		.stabs	"_Fract:t(0,18)=r(0,1);2;0;",128,0,0,0
  31               		.stabs	"long _Fract:t(0,19)=r(0,1);4;0;",128,0,0,0
  32               		.stabs	"long long _Fract:t(0,20)=r(0,1);8;0;",128,0,0,0
  33               		.stabs	"unsigned short _Fract:t(0,21)=r(0,1);1;0;",128,0,0,0
  34               		.stabs	"unsigned _Fract:t(0,22)=r(0,1);2;0;",128,0,0,0
  35               		.stabs	"unsigned long _Fract:t(0,23)=r(0,1);4;0;",128,0,0,0
  36               		.stabs	"unsigned long long _Fract:t(0,24)=r(0,1);8;0;",128,0,0,0
  37               		.stabs	"_Sat short _Fract:t(0,25)=r(0,1);1;0;",128,0,0,0
  38               		.stabs	"_Sat _Fract:t(0,26)=r(0,1);2;0;",128,0,0,0
  39               		.stabs	"_Sat long _Fract:t(0,27)=r(0,1);4;0;",128,0,0,0
  40               		.stabs	"_Sat long long _Fract:t(0,28)=r(0,1);8;0;",128,0,0,0
  41               		.stabs	"_Sat unsigned short _Fract:t(0,29)=r(0,1);1;0;",128,0,0,0
  42               		.stabs	"_Sat unsigned _Fract:t(0,30)=r(0,1);2;0;",128,0,0,0
  43               		.stabs	"_Sat unsigned long _Fract:t(0,31)=r(0,1);4;0;",128,0,0,0
  44               		.stabs	"_Sat unsigned long long _Fract:t(0,32)=r(0,1);8;0;",128,0,0,0
  45               		.stabs	"short _Accum:t(0,33)=r(0,1);2;0;",128,0,0,0
  46               		.stabs	"_Accum:t(0,34)=r(0,1);4;0;",128,0,0,0
  47               		.stabs	"long _Accum:t(0,35)=r(0,1);8;0;",128,0,0,0
  48               		.stabs	"long long _Accum:t(0,36)=r(0,1);8;0;",128,0,0,0
  49               		.stabs	"unsigned short _Accum:t(0,37)=r(0,1);2;0;",128,0,0,0
  50               		.stabs	"unsigned _Accum:t(0,38)=r(0,1);4;0;",128,0,0,0
  51               		.stabs	"unsigned long _Accum:t(0,39)=r(0,1);8;0;",128,0,0,0
  52               		.stabs	"unsigned long long _Accum:t(0,40)=r(0,1);8;0;",128,0,0,0
  53               		.stabs	"_Sat short _Accum:t(0,41)=r(0,1);2;0;",128,0,0,0
  54               		.stabs	"_Sat _Accum:t(0,42)=r(0,1);4;0;",128,0,0,0
  55               		.stabs	"_Sat long _Accum:t(0,43)=r(0,1);8;0;",128,0,0,0
  56               		.stabs	"_Sat long long _Accum:t(0,44)=r(0,1);8;0;",128,0,0,0
  57               		.stabs	"_Sat unsigned short _Accum:t(0,45)=r(0,1);2;0;",128,0,0,0
GAS LISTING /tmp/cc1JAJ1v.s 			page 2


  58               		.stabs	"_Sat unsigned _Accum:t(0,46)=r(0,1);4;0;",128,0,0,0
  59               		.stabs	"_Sat unsigned long _Accum:t(0,47)=r(0,1);8;0;",128,0,0,0
  60               		.stabs	"_Sat unsigned long long _Accum:t(0,48)=r(0,1);8;0;",128,0,0,0
  61               		.stabs	"void:t(0,49)=(0,49)",128,0,0,0
  62               		.stabs	"../../common/include/usart.h",130,0,0,0
  63               		.stabs	"/usr/lib/avr/include/avr/io.h",130,0,0,0
  64               		.stabs	"/usr/lib/avr/include/avr/sfr_defs.h",130,0,0,0
  65               		.stabs	"/usr/lib/avr/include/inttypes.h",130,0,0,0
  66               		.stabs	"/usr/lib/gcc/avr/5.4.0/include/stdint.h",130,0,0,0
  67               		.stabs	"/usr/lib/avr/include/stdint.h",130,0,0,0
  68               		.stabs	"int8_t:t(6,1)=(0,12)",128,0,125,0
  69               		.stabs	"uint8_t:t(6,2)=(0,13)",128,0,126,0
  70               		.stabs	"int16_t:t(6,3)=(0,1)",128,0,127,0
  71               		.stabs	"uint16_t:t(6,4)=(0,4)",128,0,128,0
  72               		.stabs	"int32_t:t(6,5)=(0,3)",128,0,129,0
  73               		.stabs	"uint32_t:t(6,6)=(0,5)",128,0,130,0
  74               		.stabs	"int64_t:t(6,7)=(0,8)",128,0,132,0
  75               		.stabs	"uint64_t:t(6,8)=(0,9)",128,0,133,0
  76               		.stabs	"intptr_t:t(6,9)=(6,3)",128,0,146,0
  77               		.stabs	"uintptr_t:t(6,10)=(6,4)",128,0,151,0
  78               		.stabs	"int_least8_t:t(6,11)=(6,1)",128,0,163,0
  79               		.stabs	"uint_least8_t:t(6,12)=(6,2)",128,0,168,0
  80               		.stabs	"int_least16_t:t(6,13)=(6,3)",128,0,173,0
  81               		.stabs	"uint_least16_t:t(6,14)=(6,4)",128,0,178,0
  82               		.stabs	"int_least32_t:t(6,15)=(6,5)",128,0,183,0
  83               		.stabs	"uint_least32_t:t(6,16)=(6,6)",128,0,188,0
  84               		.stabs	"int_least64_t:t(6,17)=(6,7)",128,0,196,0
  85               		.stabs	"uint_least64_t:t(6,18)=(6,8)",128,0,203,0
  86               		.stabs	"int_fast8_t:t(6,19)=(6,1)",128,0,217,0
  87               		.stabs	"uint_fast8_t:t(6,20)=(6,2)",128,0,222,0
  88               		.stabs	"int_fast16_t:t(6,21)=(6,3)",128,0,227,0
  89               		.stabs	"uint_fast16_t:t(6,22)=(6,4)",128,0,232,0
  90               		.stabs	"int_fast32_t:t(6,23)=(6,5)",128,0,237,0
  91               		.stabs	"uint_fast32_t:t(6,24)=(6,6)",128,0,242,0
  92               		.stabs	"int_fast64_t:t(6,25)=(6,7)",128,0,250,0
  93               		.stabs	"uint_fast64_t:t(6,26)=(6,8)",128,0,257,0
  94               		.stabs	"intmax_t:t(6,27)=(6,7)",128,0,277,0
  95               		.stabs	"uintmax_t:t(6,28)=(6,8)",128,0,282,0
  96               		.stabn	162,0,0,0
  97               		.stabn	162,0,0,0
  98               		.stabs	"int_farptr_t:t(4,1)=(6,5)",128,0,77,0
  99               		.stabs	"uint_farptr_t:t(4,2)=(6,6)",128,0,81,0
 100               		.stabn	162,0,0,0
 101               		.stabn	162,0,0,0
 102               		.stabs	"/usr/lib/avr/include/avr/fuse.h",130,0,0,0
 103               		.stabs	"__fuse_t:t(7,1)=(7,2)=s3low:(0,13),0,8;high:(0,13),8,8;extended:(0,13),16,8;;",128,0,244,0
 104               		.stabn	162,0,0,0
 105               		.stabn	162,0,0,0
 106               		.stabn	162,0,0,0
 107               		.stabs	"USART_init:F(0,49)",36,0,4,USART_init
 108               	.global	USART_init
 109               		.type	USART_init, @function
 110               	USART_init:
 111               		.stabd	46,0,0
   1:../../common/usart.c **** #include "include/usart.h"
   2:../../common/usart.c **** #include <avr/io.h>
   3:../../common/usart.c **** 
GAS LISTING /tmp/cc1JAJ1v.s 			page 3


   4:../../common/usart.c **** void USART_init()
   5:../../common/usart.c **** {
 112               		.stabn	68,0,5,.LM0-.LFBB1
 113               	.LM0:
 114               	.LFBB1:
 115               	/* prologue: function */
 116               	/* frame size = 0 */
 117               	/* stack size = 0 */
 118               	.L__stack_usage = 0
   6:../../common/usart.c ****   UCSR0B |= (1 << RXEN0) | (1 << TXEN0) | (1 << RXCIE0);
 119               		.stabn	68,0,6,.LM1-.LFBB1
 120               	.LM1:
 121 0000 E1EC      		ldi r30,lo8(-63)
 122 0002 F0E0      		ldi r31,0
 123 0004 8081      		ld r24,Z
 124 0006 8869      		ori r24,lo8(-104)
 125 0008 8083      		st Z,r24
   7:../../common/usart.c ****   UCSR0C |= (1 << UCSZ00) | (1 << UCSZ01);
 126               		.stabn	68,0,7,.LM2-.LFBB1
 127               	.LM2:
 128 000a E2EC      		ldi r30,lo8(-62)
 129 000c F0E0      		ldi r31,0
 130 000e 8081      		ld r24,Z
 131 0010 8660      		ori r24,lo8(6)
 132 0012 8083      		st Z,r24
   8:../../common/usart.c ****   UBRR0L = BAUD_PRESCALE;
 133               		.stabn	68,0,8,.LM3-.LFBB1
 134               	.LM3:
 135 0014 83E3      		ldi r24,lo8(51)
 136 0016 8093 C400 		sts 196,r24
   9:../../common/usart.c ****   UBRR0H = (BAUD_PRESCALE >> 8);
 137               		.stabn	68,0,9,.LM4-.LFBB1
 138               	.LM4:
 139 001a 1092 C500 		sts 197,__zero_reg__
 140 001e 0895      		ret
 141               		.size	USART_init, .-USART_init
 142               	.Lscope1:
 143               		.stabs	"",36,0,0,.Lscope1-.LFBB1
 144               		.stabd	78,0,0
 145               		.stabs	"USART_putc:F(0,49)",36,0,12,USART_putc
 146               		.stabs	"c:P(0,2)",64,0,12,24
 147               	.global	USART_putc
 148               		.type	USART_putc, @function
 149               	USART_putc:
 150               		.stabd	46,0,0
  10:../../common/usart.c **** }
  11:../../common/usart.c **** 
  12:../../common/usart.c **** void USART_putc(char c)
  13:../../common/usart.c **** {
 151               		.stabn	68,0,13,.LM5-.LFBB2
 152               	.LM5:
 153               	.LFBB2:
 154               	/* prologue: function */
 155               	/* frame size = 0 */
 156               	/* stack size = 0 */
 157               	.L__stack_usage = 0
 158               	.L3:
GAS LISTING /tmp/cc1JAJ1v.s 			page 4


  14:../../common/usart.c ****   while (!(UCSR0A & (1 << UDRE0)))
 159               		.stabn	68,0,14,.LM6-.LFBB2
 160               	.LM6:
 161 0020 9091 C000 		lds r25,192
 162 0024 95FF      		sbrs r25,5
 163 0026 00C0      		rjmp .L3
  15:../../common/usart.c ****   {
  16:../../common/usart.c ****   }
  17:../../common/usart.c ****   UDR0 = c;
 164               		.stabn	68,0,17,.LM7-.LFBB2
 165               	.LM7:
 166 0028 8093 C600 		sts 198,r24
 167 002c 0895      		ret
 168               		.size	USART_putc, .-USART_putc
 169               	.Lscope2:
 170               		.stabs	"",36,0,0,.Lscope2-.LFBB2
 171               		.stabd	78,0,0
 172               		.stabs	"USART_puts:F(0,49)",36,0,20,USART_puts
 173               		.stabs	"str:P(0,50)=*(0,51)=k(0,2)",64,0,20,24
 174               	.global	USART_puts
 175               		.type	USART_puts, @function
 176               	USART_puts:
 177               		.stabd	46,0,0
  18:../../common/usart.c **** }
  19:../../common/usart.c **** 
  20:../../common/usart.c **** void USART_puts(const char *str)
  21:../../common/usart.c **** {
 178               		.stabn	68,0,21,.LM8-.LFBB3
 179               	.LM8:
 180               	.LFBB3:
 181               	/* prologue: function */
 182               	/* frame size = 0 */
 183               	/* stack size = 0 */
 184               	.L__stack_usage = 0
  22:../../common/usart.c ****   while (*str)
 185               		.stabn	68,0,22,.LM9-.LFBB3
 186               	.LM9:
 187 002e FC01      		movw r30,r24
 188 0030 2081      		ld r18,Z
 189 0032 2223      		tst r18
 190 0034 01F0      		breq .L7
 191 0036 3196      		adiw r30,1
 192               	.L9:
 193               	.LBB4:
 194               	.LBB5:
  14:../../common/usart.c ****   {
 195               		.stabn	68,0,14,.LM10-.LFBB3
 196               	.LM10:
 197 0038 9091 C000 		lds r25,192
 198 003c 95FF      		sbrs r25,5
 199 003e 00C0      		rjmp .L9
  17:../../common/usart.c **** }
 200               		.stabn	68,0,17,.LM11-.LFBB3
 201               	.LM11:
 202 0040 2093 C600 		sts 198,r18
 203               	.LBE5:
 204               	.LBE4:
GAS LISTING /tmp/cc1JAJ1v.s 			page 5


 205               		.stabn	68,0,22,.LM12-.LFBB3
 206               	.LM12:
 207 0044 2191      		ld r18,Z+
 208 0046 2111      		cpse r18,__zero_reg__
 209 0048 00C0      		rjmp .L9
 210               	.L7:
 211 004a 0895      		ret
 212               		.size	USART_puts, .-USART_puts
 213               	.Lscope3:
 214               		.stabs	"",36,0,0,.Lscope3-.LFBB3
 215               		.stabd	78,0,0
 216               		.stabs	"",100,0,0,.Letext0
 217               	.Letext0:
 218               		.ident	"GCC: (GNU) 5.4.0"
GAS LISTING /tmp/cc1JAJ1v.s 			page 6


DEFINED SYMBOLS
                            *ABS*:0000000000000000 usart.c
     /tmp/cc1JAJ1v.s:2      *ABS*:000000000000003e __SP_H__
     /tmp/cc1JAJ1v.s:3      *ABS*:000000000000003d __SP_L__
     /tmp/cc1JAJ1v.s:4      *ABS*:000000000000003f __SREG__
     /tmp/cc1JAJ1v.s:5      *ABS*:000000000000003b __RAMPZ__
     /tmp/cc1JAJ1v.s:6      *ABS*:0000000000000000 __tmp_reg__
     /tmp/cc1JAJ1v.s:7      *ABS*:0000000000000001 __zero_reg__
     /tmp/cc1JAJ1v.s:110    .text:0000000000000000 USART_init
     /tmp/cc1JAJ1v.s:149    .text:0000000000000020 USART_putc
     /tmp/cc1JAJ1v.s:176    .text:000000000000002e USART_puts

NO UNDEFINED SYMBOLS
